2019-12-07T18:18:49+00:00 CRITICAL syntax error, unexpected end of file in E:\Websites\core\wp-content\themes\storefront-child-theme-master\footer.php on line 48

2019-12-07T18:18:51+00:00 CRITICAL syntax error, unexpected end of file in E:\Websites\core\wp-content\themes\storefront-child-theme-master\footer.php on line 48

2019-12-07T18:19:03+00:00 CRITICAL Uncaught Error: Call to undefined function is_frontpage() in E:\Websites\core\wp-content\themes\storefront-child-theme-master\footer.php:13
Stack trace:
#0 E:\Websites\core\wp-includes\template.php(722): require_once()
#1 E:\Websites\core\wp-includes\template.php(671): load_template('E:\\Websites\\cor...', true)
#2 E:\Websites\core\wp-includes\general-template.php(76): locate_template(Array, true)
#3 E:\Websites\core\wp-content\themes\storefront-child-theme-master\template-homepage.php(40): get_footer()
#4 E:\Websites\core\wp-includes\template-loader.php(98): include('E:\\Websites\\cor...')
#5 E:\Websites\core\wp-blog-header.php(19): require_once('E:\\Websites\\cor...')
#6 E:\Websites\core\index.php(17): require('E:\\Websites\\cor...')
#7 {main}
  thrown in E:\Websites\core\wp-content\themes\storefront-child-theme-master\footer.php on line 13

2019-12-07T18:19:05+00:00 CRITICAL Uncaught Error: Call to undefined function is_frontpage() in E:\Websites\core\wp-content\themes\storefront-child-theme-master\footer.php:13
Stack trace:
#0 E:\Websites\core\wp-includes\template.php(722): require_once()
#1 E:\Websites\core\wp-includes\template.php(671): load_template('E:\\Websites\\cor...', true)
#2 E:\Websites\core\wp-includes\general-template.php(76): locate_template(Array, true)
#3 E:\Websites\core\wp-content\themes\storefront\404.php(83): get_footer()
#4 E:\Websites\core\wp-includes\template-loader.php(98): include('E:\\Websites\\cor...')
#5 E:\Websites\core\wp-blog-header.php(19): require_once('E:\\Websites\\cor...')
#6 E:\Websites\core\index.php(17): require('E:\\Websites\\cor...')
#7 {main}
  thrown in E:\Websites\core\wp-content\themes\storefront-child-theme-master\footer.php on line 13

